1519922338213	geckodriver	INFO	geckodriver 0.19.1
1519922338224	geckodriver	INFO	Listening on 127.0.0.1:63789
1519922341305	mozrunner::runner	INFO	Running command: "C:\\Program Files (x86)\\Mozilla Firefox\\firefox.exe" "-marionette" "--headless" "-profile" "C:\\Users\\叶小驹\\AppData\\Local\\Temp\\rust_mozprofile.hgUz2BGnsvxT"
*** You are running in headless mode.
1519922342065	Marionette	INFO	Enabled via --marionette
1519922343844	Marionette	INFO	Listening on port 63797
1519922344428	Marionette	WARN	TLS certificate errors will be ignored for this session
1519922383611	geckodriver	INFO	geckodriver 0.19.1
1519922383619	geckodriver	INFO	Listening on 127.0.0.1:63921
1519922386713	mozrunner::runner	INFO	Running command: "C:\\Program Files (x86)\\Mozilla Firefox\\firefox.exe" "-marionette" "--headless" "-profile" "C:\\Users\\叶小驹\\AppData\\Local\\Temp\\rust_mozprofile.oOd0zaYKyrcJ"
*** You are running in headless mode.
1519922387455	Marionette	INFO	Enabled via --marionette
1519922390225	Marionette	INFO	Listening on port 63930
1519922390347	Marionette	WARN	TLS certificate errors will be ignored for this session
1520180611533	geckodriver	INFO	geckodriver 0.19.1
1520180611545	geckodriver	INFO	Listening on 127.0.0.1:57530
1520180614783	mozrunner::runner	INFO	Running command: "C:\\Program Files (x86)\\Mozilla Firefox\\firefox.exe" "-marionette" "--headless" "-profile" "C:\\Users\\叶小驹\\AppData\\Local\\Temp\\rust_mozprofile.0Vkz2bsz0D7c"
*** You are running in headless mode.
1520180616469	Marionette	INFO	Enabled via --marionette
1520180618713	Marionette	INFO	Listening on port 57538
1520180618947	Marionette	WARN	TLS certificate errors will be ignored for this session
1520180823626	geckodriver	INFO	geckodriver 0.19.1
1520180823637	geckodriver	INFO	Listening on 127.0.0.1:58269
1520180826818	mozrunner::runner	INFO	Running command: "C:\\Program Files (x86)\\Mozilla Firefox\\firefox.exe" "-marionette" "--headless" "-profile" "C:\\Users\\叶小驹\\AppData\\Local\\Temp\\rust_mozprofile.d93DBYZ4Na3n"
*** You are running in headless mode.
1520180827847	Marionette	INFO	Enabled via --marionette
1520180830209	Marionette	INFO	Listening on port 58277
1520180830448	Marionette	WARN	TLS certificate errors will be ignored for this session
Unable to read VR Path Registry from C:\Users\叶小驹\AppData\Local\openvr\openvrpaths.vrpath
[Parent 8616, Gecko_IOThread] WARNING: pipe error: 109: file z:/build/build/src/ipc/chromium/src/chrome/common/ipc_channel_win.cc, line 346
[GFX1-]: Receive IPC close with reason=AbnormalShutdown
1520180955350	geckodriver	INFO	geckodriver 0.19.1
1520180955359	geckodriver	INFO	Listening on 127.0.0.1:58679
1520180958487	mozrunner::runner	INFO	Running command: "C:\\Program Files (x86)\\Mozilla Firefox\\firefox.exe" "-marionette" "--headless" "-profile" "C:\\Users\\叶小驹\\AppData\\Local\\Temp\\rust_mozprofile.A7nzpq90SfQq"
*** You are running in headless mode.
1520180959458	Marionette	INFO	Enabled via --marionette
1520180962191	Marionette	INFO	Listening on port 58687
1520180962622	Marionette	WARN	TLS certificate errors will be ignored for this session
Unable to read VR Path Registry from C:\Users\叶小驹\AppData\Local\openvr\openvrpaths.vrpath
JavaScript error: https://cpro.baidustatic.com/cpro/ui/noexpire/js/4.0.0/adClosefeedbackUpgrade.min.js, line 1: TypeError: g is null
JavaScript error: https://cpro.baidustatic.com/cpro/ui/noexpire/js/4.0.1/adClosefeedbackUpgrade.min.js, line 1: TypeError: g is null
Unable to read VR Path Registry from C:\Users\叶小驹\AppData\Local\openvr\openvrpaths.vrpath
[Parent 19080, Gecko_IOThread] WARNING: pipe error: 109: file z:/build/build/src/ipc/chromium/src/chrome/common/ipc_channel_win.cc, line 346
1520274253428	geckodriver	INFO	geckodriver 0.19.1
1520274253436	geckodriver	INFO	Listening on 127.0.0.1:63962
1520274256523	mozrunner::runner	INFO	Running command: "C:\\Program Files (x86)\\Mozilla Firefox\\firefox.exe" "-marionette" "--headless" "-profile" "C:\\Users\\叶小驹\\AppData\\Local\\Temp\\rust_mozprofile.TKM9oDzVhiR6"
*** You are running in headless mode.
1520274257359	Marionette	INFO	Enabled via --marionette
1520274259453	Marionette	INFO	Listening on port 63970
1520274259698	Marionette	WARN	TLS certificate errors will be ignored for this session
Unable to read VR Path Registry from C:\Users\叶小驹\AppData\Local\openvr\openvrpaths.vrpath
JavaScript error: https://cpro.baidustatic.com/cpro/ui/noexpire/js/4.0.1/adClosefeedbackUpgrade.min.js, line 1: TypeError: g is null
JavaScript error: https://cpro.baidustatic.com/cpro/ui/noexpire/js/2.0.0/slider.js, line 1: TypeError: window.getComputedStyle(...) is null

###!!! [Child][MessageChannel] Error: (msgtype=0x100027,name=PBackground::Msg_PHttpBackgroundChannelConstructor) Channel error: cannot send/recv

1520585719543	geckodriver	INFO	geckodriver 0.19.1
1520585719549	geckodriver	INFO	Listening on 127.0.0.1:59110
1520585722713	mozrunner::runner	INFO	Running command: "C:\\Program Files (x86)\\Mozilla Firefox\\firefox.exe" "-marionette" "--headless" "-profile" "C:\\Users\\叶小驹\\AppData\\Local\\Temp\\rust_mozprofile.vNx2nPVPbQjb"
*** You are running in headless mode.
1520585723522	Marionette	INFO	Enabled via --marionette
1520585725750	Marionette	INFO	Listening on port 59118
1520585725836	Marionette	WARN	TLS certificate errors will be ignored for this session
Unable to read VR Path Registry from C:\Users\叶小驹\AppData\Local\openvr\openvrpaths.vrpath
[Child 23648, Chrome_ChildThread] WARNING: pipe error: 109: file z:/build/build/src/ipc/chromium/src/chrome/common/ipc_channel_win.cc, line 346
1520587786171	geckodriver	INFO	geckodriver 0.19.1
1520587786179	geckodriver	INFO	Listening on 127.0.0.1:61560
1520587789323	mozrunner::runner	INFO	Running command: "C:\\Program Files (x86)\\Mozilla Firefox\\firefox.exe" "-marionette" "--headless" "-profile" "C:\\Users\\叶小驹\\AppData\\Local\\Temp\\rust_mozprofile.syTROSJhpV3f"
*** You are running in headless mode.
1520587790233	Marionette	INFO	Enabled via --marionette
1520587792558	Marionette	INFO	Listening on port 61568
1520587792957	Marionette	WARN	TLS certificate errors will be ignored for this session
1520588806817	geckodriver	INFO	geckodriver 0.19.1
1520588806825	geckodriver	INFO	Listening on 127.0.0.1:63006
1520588809985	mozrunner::runner	INFO	Running command: "C:\\Program Files (x86)\\Mozilla Firefox\\firefox.exe" "-marionette" "--headless" "-profile" "C:\\Users\\叶小驹\\AppData\\Local\\Temp\\rust_mozprofile.rwAEn5247FEV"
*** You are running in headless mode.
1520588811152	Marionette	INFO	Enabled via --marionette
1520588816052	Marionette	INFO	Listening on port 63042
1520588816649	Marionette	WARN	TLS certificate errors will be ignored for this session
Unable to read VR Path Registry from C:\Users\叶小驹\AppData\Local\openvr\openvrpaths.vrpath
[Parent 24000, Gecko_IOThread] WARNING: pipe error: 109: file z:/build/build/src/ipc/chromium/src/chrome/common/ipc_channel_win.cc, liJavaScri[GFX1-]: Receive IPC close with reason=AbnormalShutdown
Unable to read VR P[GFX1-]: Receive IPC close with reason=AbnormalShutdown
\openvrUnable to read VR Path Registry from C:\Users\叶小驹\AppData\Local\openvr\openvrpaths.vrpath
[Parent 15668, Gecko_IOThread] WARNING: pipe error: 109: file z:/build/build/src/ipc/chromium/src/chrome/common/ipc_channel_win.cc, line 346
Unable to read VR Path Registry from C:\Users\叶小驹\AppData\Local\openvr\openvrpaths.vrpath
[Child 19024, Chrome_ChildThread] WARNING: pipe error: 109: file z:/build/build/src/ipc/chromium/src/chrome/common/ipc_channel_win.cc, line 346
[Child 19024, Chrome_ChildThread] WARNING: pipe error: 109: file z:/build/build/src/ipc/chromium/src/chrome/common/ipc_channel_win.cc, line 346
1520598598936	geckodriver	INFO	geckodriver 0.19.1
1520598598947	geckodriver	INFO	Listening on 127.0.0.1:51511
1520598602124	mozrunner::runner	INFO	Running command: "C:\\Program Files (x86)\\Mozilla Firefox\\firefox.exe" "-marionette" "--headless" "-profile" "C:\\Users\\叶小驹\\AppData\\Local\\Temp\\rust_mozprofile.E1FCfLt3u6yQ"
*** You are running in headless mode.
1520598610406	Marionette	INFO	Enabled via --marionette
1520598617448	Marionette	INFO	Listening on port 51540
Unable to read VR Path Registry from C:\Users\叶小驹\AppData\Local\openvr\openvrpathUnable to read VR Path Registry from C:\Users\叶小驹\AppData\Local\openvr\openvrpaths.vrpath
JavaScript error: https://cpro.baidustatic.com/cpro/ui/noexpire/js/4.0.1/adClosefeedbackUpgrade.min.js, line 1: TypeError: g is null
JavaScript error: https://cpro.baidustatic.com/cpro/ui/noexpire/js/2.0.0/slider.js, line 1: TypeError: window.getComputedStyle(...) is null
Unable to read VR Path Registry from C:\Users\叶小驹\AppData\Local\openvr\openvrpaths.vrpath
[Parent 20740, Gecko_IOThread] WARNING: pipe error: 109: file z:/build/build/src/ipc/chromium/src/chrome/common/ipc_channel_win.cc, line 346
Unable to read VR Path Registry from C:\Users\叶小驹\AppData\Local\openvr\openvrpaths.vrpath
[Child 11356, Chrome_ChildThread] WARNING: pipe error: 109: file z:/build/build/src/ipc/chromium/src/chrome/common/ipc_channel_win.cc, line 346
[Child 4104, Chrome_ChildThread] WARNING: pipe error: 232: file z:/build/build/src/ipc/chromium/src/chrome/common/ipc_channel_win.cc, line 513
Channel closing: too late to send/recv, messages will be lost

[Child 9896, Chrome_ChildThread] WARNING: pipe error: 232: file z:/build/build/src/ipc/chromium/src/chrome/common/ipc_channel_win.cc, line 513
